<?xml version="1.0" encoding="UTF-8" standalone="no"?>
<!DOCTYPE log SYSTEM "logger.dtd">
<log>
<record>
  <date>2024-05-25T23:33:35.654980Z</date>
  <millis>1716680015654</millis>
  <nanos>980000</nanos>
  <sequence>0</sequence>
  <logger>test.SimulatorApplication</logger>
  <level>INFO</level>
  <class>test.SimulatorApplication</class>
  <method>main</method>
  <thread>1</thread>
  <message>Starting the robot simulator...</message>
</record>
<record>
  <date>2024-05-25T23:33:40.240872300Z</date>
  <millis>1716680020240</millis>
  <nanos>872300</nanos>
  <sequence>1</sequence>
  <logger>pathfinder.FactoryPathFinder</logger>
  <level>INFO</level>
  <class>pathfinder.FactoryPathFinder</class>
  <method>findPath</method>
  <thread>23</thread>
  <message>vertex size = 0</message>
</record>
<record>
  <date>2024-05-25T23:33:40.382845900Z</date>
  <millis>1716680020382</millis>
  <nanos>845900</nanos>
  <sequence>2</sequence>
  <logger>pathfinder.FactoryPathFinder</logger>
  <level>INFO</level>
  <class>pathfinder.FactoryPathFinder</class>
  <method>findPath</method>
  <thread>23</thread>
  <message>edge size = 0</message>
</record>
<record>
  <date>2024-05-25T23:33:40.430847700Z</date>
  <millis>1716680020430</millis>
  <nanos>847700</nanos>
  <sequence>3</sequence>
  <logger>fr.tp.inf112.projects.canvas.view.ControllerWorker</logger>
  <level>SEVERE</level>
  <class>fr.tp.inf112.projects.canvas.view.ControllerWorker</class>
  <method>done</method>
  <thread>20</thread>
  <message>A problem occur while starting animation.</message>
  <exception>
    <message>java.util.concurrent.ExecutionException: java.lang.IllegalArgumentException: Graph must contain the source vertex!</message>
    <frame>
      <class>java.util.concurrent.FutureTask</class>
      <method>report</method>
      <line>122</line>
    </frame>
    <frame>
      <class>java.util.concurrent.FutureTask</class>
      <method>get</method>
      <line>191</line>
    </frame>
    <frame>
      <class>javax.swing.SwingWorker</class>
      <method>get</method>
      <line>613</line>
    </frame>
    <frame>
      <class>fr.tp.inf112.projects.canvas.view.ControllerWorker</class>
      <method>done</method>
      <line>28</line>
    </frame>
    <frame>
      <class>javax.swing.SwingWorker$5</class>
      <method>run</method>
      <line>750</line>
    </frame>
    <frame>
      <class>javax.swing.SwingWorker$DoSubmitAccumulativeRunnable</class>
      <method>run</method>
      <line>848</line>
    </frame>
    <frame>
      <class>sun.swing.AccumulativeRunnable</class>
      <method>run</method>
      <line>112</line>
    </frame>
    <frame>
      <class>javax.swing.SwingWorker$DoSubmitAccumulativeRunnable</class>
      <method>actionPerformed</method>
      <line>858</line>
    </frame>
    <frame>
      <class>javax.swing.Timer</class>
      <method>fireActionPerformed</method>
      <line>311</line>
    </frame>
    <frame>
      <class>javax.swing.Timer$DoPostEvent</class>
      <method>run</method>
      <line>243</line>
    </frame>
    <frame>
      <class>java.awt.event.InvocationEvent</class>
      <method>dispatch</method>
      <line>318</line>
    </frame>
    <frame>
      <class>java.awt.EventQueue</class>
      <method>dispatchEventImpl</method>
      <line>773</line>
    </frame>
    <frame>
      <class>java.awt.EventQueue$4</class>
      <method>run</method>
      <line>720</line>
    </frame>
    <frame>
      <class>java.awt.EventQueue$4</class>
      <method>run</method>
      <line>714</line>
    </frame>
    <frame>
      <class>java.security.AccessController</class>
      <method>doPrivileged</method>
      <line>399</line>
    </frame>
    <frame>
      <class>java.security.ProtectionDomain$JavaSecurityAccessImpl</class>
      <method>doIntersectionPrivilege</method>
      <line>86</line>
    </frame>
    <frame>
      <class>java.awt.EventQueue</class>
      <method>dispatchEvent</method>
      <line>742</line>
    </frame>
    <frame>
      <class>java.awt.EventDispatchThread</class>
      <method>pumpOneEventForFilters</method>
      <line>203</line>
    </frame>
    <frame>
      <class>java.awt.EventDispatchThread</class>
      <method>pumpEventsForFilter</method>
      <line>124</line>
    </frame>
    <frame>
      <class>java.awt.EventDispatchThread</class>
      <method>pumpEventsForHierarchy</method>
      <line>113</line>
    </frame>
    <frame>
      <class>java.awt.EventDispatchThread</class>
      <method>pumpEvents</method>
      <line>109</line>
    </frame>
    <frame>
      <class>java.awt.EventDispatchThread</class>
      <method>pumpEvents</method>
      <line>101</line>
    </frame>
    <frame>
      <class>java.awt.EventDispatchThread</class>
      <method>run</method>
      <line>90</line>
    </frame>
  </exception>
</record>
</log>
